<?xml version="1.0" encoding="UTF-8"?>
<testsuite xmlns:xsi="http://www.w3.org/2001/XMLSchema-instance" xsi:noNamespaceSchemaLocation="https://maven.apache.org/surefire/maven-surefire-plugin/xsd/surefire-test-report-3.0.xsd" version="3.0" name="architecture.ArchitectureRulesTest" time="0.164" tests="2" errors="0" skipped="0" failures="0">
  <properties>
[...]
</properties>
  <testcase name="application_does_not_depend_on_infrastructure" classname="ArchitectureRulesTest" time="0.164"/>
  <testcase name="infrastructure_is_on_the_edge" classname="ArchitectureRulesTest" time="0.0"/>
</testsuite>